<?xml version='1.0' encoding='UTF-8'?>
<testsuite hostname="PatSurfaceBook" name="quickcheck.QuickCheckSuite" tests="6" errors="0" failures="1" time="0.1">
                     <properties>
[...]
</properties>
                     <testcase classname="quickcheck.QuickCheckSuite" name="Binomial heap satisfies properties" time="0.07">
                                                 <failure message="NoSuchElementException was thrown during property evaluation.
  Message: min of empty heap
  Occurred when passed generated values (
    arg0 = List(Node(1,1,List(Node(1379649353,0,List()))))
  )" type="org.scalatest.exceptions.GeneratorDrivenPropertyCheckFailedException">org.scalatest.exceptions.GeneratorDrivenPropertyCheckFailedException: NoSuchElementException was thrown during property evaluation.
  Message: min of empty heap
  Occurred when passed generated values (
    arg0 = List(Node(1,1,List(Node(1379649353,0,List()))))
  )
	at org.scalatest.prop.Checkers$.doCheck(Checkers.scala:428)
	at org.scalatest.prop.Checkers$class.check(Checkers.scala:346)
	at quickcheck.QuickCheckSuite.check(QuickCheckSuite.scala:17)
	at org.scalatest.prop.Checkers$class.check(Checkers.scala:357)
	at quickcheck.QuickCheckSuite.check(QuickCheckSuite.scala:17)
	at quickcheck.QuickCheckSuite$$anonfun$1.apply$mcV$sp(QuickCheckSuite.scala:30)
	at quickcheck.QuickCheckSuite$$anonfun$1.apply(QuickCheckSuite.scala:30)
	at quickcheck.QuickCheckSuite$$anonfun$1.apply(QuickCheckSuite.scala:30)
	at org.scalatest.Transformer$$anonfun$apply$1.apply$mcV$sp(Transformer.scala:22)
	at org.scalatest.OutcomeOf$class.outcomeOf(OutcomeOf.scala:85)
	at org.scalatest.OutcomeOf$.outcomeOf(OutcomeOf.scala:104)
	at org.scalatest.Transformer.apply(Transformer.scala:22)
	at org.scalatest.Transformer.apply(Transformer.scala:20)
	at org.scalatest.FunSuiteLike$$anon$1.apply(FunSuiteLike.scala:166)
	at org.scalatest.Suite$class.withFixture(Suite.scala:1122)
	at org.scalatest.FunSuite.withFixture(FunSuite.scala:1555)
	at org.scalatest.FunSuiteLike$class.invokeWithFixture$1(FunSuiteLike.scala:163)
	at org.scalatest.FunSuiteLike$$anonfun$runTest$1.apply(FunSuiteLike.scala:175)
	at org.scalatest.FunSuiteLike$$anonfun$runTest$1.apply(FunSuiteLike.scala:175)
	at org.scalatest.SuperEngine.runTestImpl(Engine.scala:306)
	at org.scalatest.FunSuiteLike$class.runTest(FunSuiteLike.scala:175)
	at org.scalatest.FunSuite.runTest(FunSuite.scala:1555)
	at org.scalatest.FunSuiteLike$$anonfun$runTests$1.apply(FunSuiteLike.scala:208)
	at org.scalatest.FunSuiteLike$$anonfun$runTests$1.apply(FunSuiteLike.scala:208)
	at org.scalatest.SuperEngine$$anonfun$traverseSubNodes$1$1.apply(Engine.scala:413)
	at org.scalatest.SuperEngine$$anonfun$traverseSubNodes$1$1.apply(Engine.scala:401)
	at scala.collection.immutable.List.foreach(List.scala:381)
	at org.scalatest.SuperEngine.traverseSubNodes$1(Engine.scala:401)
	at org.scalatest.SuperEngine.org$scalatest$SuperEngine$$runTestsInBranch(Engine.scala:396)
	at org.scalatest.SuperEngine.runTestsImpl(Engine.scala:483)
	at org.scalatest.FunSuiteLike$class.runTests(FunSuiteLike.scala:208)
	at org.scalatest.FunSuite.runTests(FunSuite.scala:1555)
	at org.scalatest.Suite$class.run(Suite.scala:1424)
	at org.scalatest.FunSuite.org$scalatest$FunSuiteLike$$super$run(FunSuite.scala:1555)
	at org.scalatest.FunSuiteLike$$anonfun$run$1.apply(FunSuiteLike.scala:212)
	at org.scalatest.FunSuiteLike$$anonfun$run$1.apply(FunSuiteLike.scala:212)
	at org.scalatest.SuperEngine.runImpl(Engine.scala:545)
	at org.scalatest.FunSuiteLike$class.run(FunSuiteLike.scala:212)
	at org.scalatest.FunSuite.run(FunSuite.scala:1555)
	at org.scalatest.tools.Framework.org$scalatest$tools$Framework$$runSuite(Framework.scala:466)
	at org.scalatest.tools.Framework$ScalaTestTask.execute(Framework.scala:677)
	at sbt.TestRunner.runTest$1(TestFramework.scala:76)
	at sbt.TestRunner.run(TestFramework.scala:85)
	at sbt.TestFramework$$anon$2$$anonfun$$init$$1$$anonfun$apply$8.apply(TestFramework.scala:202)
	at sbt.TestFramework$$anon$2$$anonfun$$init$$1$$anonfun$apply$8.apply(TestFramework.scala:202)
	at sbt.TestFramework$.sbt$TestFramework$$withContextLoader(TestFramework.scala:185)
	at sbt.TestFramework$$anon$2$$anonfun$$init$$1.apply(TestFramework.scala:202)
	at sbt.TestFramework$$anon$2$$anonfun$$init$$1.apply(TestFramework.scala:202)
	at sbt.TestFunction.apply(TestFramework.scala:207)
	at sbt.Tests$$anonfun$9.apply(Tests.scala:216)
	at sbt.Tests$$anonfun$9.apply(Tests.scala:216)
	at sbt.std.Transform$$anon$3$$anonfun$apply$2.apply(System.scala:44)
	at sbt.std.Transform$$anon$3$$anonfun$apply$2.apply(System.scala:44)
	at sbt.std.Transform$$anon$4.work(System.scala:63)
	at sbt.Execute$$anonfun$submit$1$$anonfun$apply$1.apply(Execute.scala:226)
	at sbt.Execute$$anonfun$submit$1$$anonfun$apply$1.apply(Execute.scala:226)
	at sbt.ErrorHandling$.wideConvert(ErrorHandling.scala:17)
	at sbt.Execute.work(Execute.scala:235)
	at sbt.Execute$$anonfun$submit$1.apply(Execute.scala:226)
	at sbt.Execute$$anonfun$submit$1.apply(Execute.scala:226)
	at sbt.ConcurrentRestrictions$$anon$4$$anonfun$1.apply(ConcurrentRestrictions.scala:159)
	at sbt.CompletionService$$anon$2.call(CompletionService.scala:28)
	at java.util.concurrent.FutureTask.run(FutureTask.java:266)
	at java.util.concurrent.Executors$RunnableAdapter.call(Executors.java:511)
	at java.util.concurrent.FutureTask.run(FutureTask.java:266)
	at java.util.concurrent.ThreadPoolExecutor.runWorker(ThreadPoolExecutor.java:1142)
	at java.util.concurrent.ThreadPoolExecutor$Worker.run(ThreadPoolExecutor.java:617)
	at java.lang.Thread.run(Thread.java:745)
Caused by: java.util.NoSuchElementException: min of empty heap
	at quickcheck.test.BinomialHeap$class.findMin(Heap.scala:34)
	at quickcheck.QuickCheckSuite$$anonfun$1$$anon$6.findMin(QuickCheckSuite.scala:30)
	at quickcheck.QuickCheckSuite$$anonfun$1$$anon$6.findMin(QuickCheckSuite.scala:30)
	at quickcheck.QuickCheckHeap$$anonfun$11.isSorted$1(QuickCheck.scala:40)
	at quickcheck.QuickCheckHeap$$anonfun$11.apply(QuickCheck.scala:43)
	at quickcheck.QuickCheckHeap$$anonfun$11.apply(QuickCheck.scala:34)
	at scala.Function1$$anonfun$andThen$1.apply(Function1.scala:52)
	at org.scalacheck.Prop$$anonfun$forAllShrink$1$$anonfun$3.apply(Prop.scala:690)
	at org.scalacheck.Prop$$anonfun$forAllShrink$1$$anonfun$3.apply(Prop.scala:690)
	at org.scalacheck.Prop$.secure(Prop.scala:451)
	at org.scalacheck.Prop$$anonfun$forAllShrink$1.org$scalacheck$Prop$$anonfun$$result$1(Prop.scala:690)
	at org.scalacheck.Prop$$anonfun$forAllShrink$1.apply(Prop.scala:727)
	at org.scalacheck.Prop$$anonfun$forAllShrink$1.apply(Prop.scala:684)
	at org.scalacheck.Prop$$anon$1.apply(Prop.scala:287)
	at org.scalacheck.Prop$$anonfun$all$1$$anonfun$apply$6.apply(Prop.scala:408)
	at org.scalacheck.Prop$$anonfun$all$1$$anonfun$apply$6.apply(Prop.scala:408)
	at scala.collection.TraversableLike$$anonfun$map$1.apply(TraversableLike.scala:245)
	at scala.collection.TraversableLike$$anonfun$map$1.apply(TraversableLike.scala:245)
	at scala.collection.immutable.List.foreach(List.scala:381)
	at scala.collection.generic.TraversableForwarder$class.foreach(TraversableForwarder.scala:35)
	at scala.collection.mutable.ListBuffer.foreach(ListBuffer.scala:45)
	at scala.collection.TraversableLike$class.map(TraversableLike.scala:245)
	at scala.collection.AbstractTraversable.map(Traversable.scala:104)
	at org.scalacheck.Prop$$anonfun$all$1.apply(Prop.scala:408)
	at org.scalacheck.Prop$$anonfun$all$1.apply(Prop.scala:407)
	at org.scalacheck.Prop$$anon$1.apply(Prop.scala:287)
	at org.scalacheck.Properties.apply(Properties.scala:43)
	at org.scalacheck.Test$.org$scalacheck$Test$$workerFun$1(Test.scala:312)
	at org.scalacheck.Test$.check(Test.scala:363)
	at org.scalatest.prop.Checkers$.doCheck(Checkers.scala:372)
	... 67 more
</failure>
                                               </testcase><testcase classname="quickcheck.QuickCheckSuite" name="Bogus (1) binomial heap does not satisfy properties" time="0.008">
                                                 
                                               </testcase><testcase classname="quickcheck.QuickCheckSuite" name="Bogus (2) binomial heap does not satisfy properties" time="0.012">
                                                 
                                               </testcase><testcase classname="quickcheck.QuickCheckSuite" name="Bogus (3) binomial heap does not satisfy properties" time="0.004">
                                                 
                                               </testcase><testcase classname="quickcheck.QuickCheckSuite" name="Bogus (4) binomial heap does not satisfy properties" time="0.003">
                                                 
                                               </testcase><testcase classname="quickcheck.QuickCheckSuite" name="Bogus (5) binomial heap does not satisfy properties" time="0.003">
                                                 
                                               </testcase>
                     <system-out></system-out>
                     <system-err></system-err>
                   </testsuite>