<?xml version='1.0' encoding='UTF-8'?>
<testsuite hostname="PatSurfaceBook" name="reductions.ParallelParenthesesBalancingSuite" tests="3" errors="0" failures="0" time="0.02">
                     <properties>
[...]
</properties>
                     <testcase classname="reductions.ParallelParenthesesBalancingSuite" name="balance should work for empty string" time="0.018">
                                                 
                                               </testcase><testcase classname="reductions.ParallelParenthesesBalancingSuite" name="balance should work for string of length 1" time="0.001">
                                                 
                                               </testcase><testcase classname="reductions.ParallelParenthesesBalancingSuite" name="balance should work for string of length 2" time="0.001">
                                                 
                                               </testcase>
                     <system-out></system-out>
                     <system-err></system-err>
                   </testsuite>